[0m10:39:04.451981 [debug] [MainThread]: Sending event: {'category': 'dbt', 'action': 'invocation', 'label': 'start', 'context': [<snowplow_tracker.self_describing_json.SelfDescribingJson object at 0x7c9b23c76a50>, <snowplow_tracker.self_describing_json.SelfDescribingJson object at 0x7c9b23ae5460>, <snowplow_tracker.self_describing_json.SelfDescribingJson object at 0x7c9b25bdd670>]}


============================== 10:39:04.490392 | 425cfab9-3f27-434d-9d03-918021aeb68a ==============================
[0m10:39:04.490392 [info ] [MainThread]: Running with dbt=1.8.5
[0m10:39:04.491255 [debug] [MainThread]: running dbt with arguments {'printer_width': '80', 'indirect_selection': 'eager', 'write_json': 'True', 'log_cache_events': 'False', 'partial_parse': 'True', 'cache_selected_only': 'False', 'warn_error': 'None', 'debug': 'False', 'profiles_dir': '/home/codespace/.dbt', 'log_path': 'logs', 'version_check': 'True', 'fail_fast': 'False', 'use_colors': 'True', 'use_experimental_parser': 'False', 'no_print': 'None', 'quiet': 'False', 'empty': 'None', 'log_format': 'default', 'introspect': 'True', 'static_parser': 'True', 'warn_error_options': 'WarnErrorOptions(include=[], exclude=[])', 'target_path': 'None', 'invocation_command': 'dbt init', 'send_anonymous_usage_stats': 'True'}
[0m10:39:04.501803 [warn ] [MainThread]: [ConfigFolderDirectory]: Unable to parse dict {'dir': PosixPath('/home/codespace/.dbt')}
[0m10:39:04.502426 [info ] [MainThread]: Creating dbt configuration folder at 
[0m10:39:53.392109 [debug] [MainThread]: Starter project path: /usr/local/python/3.12.1/lib/python3.12/site-packages/dbt/include/starter_project
[0m10:39:53.398858 [info ] [MainThread]: 
Your new dbt project "nyc_parking_violations" was created!

For more information on how to configure the profiles.yml file,
please consult the dbt documentation here:

  https://docs.getdbt.com/docs/configure-your-profile

One more thing:

Need help? Don't hesitate to reach out to us via GitHub issues or on Slack:

  https://community.getdbt.com/

Happy modeling!

[0m10:39:53.400738 [info ] [MainThread]: Setting up your profile.
[0m10:40:18.495601 [info ] [MainThread]: Profile nyc_parking_violations written to /home/codespace/.dbt/profiles.yml using target's sample configuration. Once updated, you'll be able to start developing with dbt.
[0m10:40:18.496855 [debug] [MainThread]: Resource report: {"command_name": "init", "command_success": true, "command_wall_clock_time": 74.09522, "process_user_time": 1.416635, "process_kernel_time": 0.179573, "process_mem_max_rss": "113204", "process_in_blocks": "36416", "process_out_blocks": "80"}
[0m10:40:18.497496 [debug] [MainThread]: Command `dbt init` succeeded at 10:40:18.497385 after 74.10 seconds
[0m10:40:18.497984 [debug] [MainThread]: Sending event: {'category': 'dbt', 'action': 'invocation', 'label': 'end', 'context': [<snowplow_tracker.self_describing_json.SelfDescribingJson object at 0x7c9b23b57e90>, <snowplow_tracker.self_describing_json.SelfDescribingJson object at 0x7c9b23923140>, <snowplow_tracker.self_describing_json.SelfDescribingJson object at 0x7c9b237c5760>]}
[0m10:40:18.498492 [debug] [MainThread]: Flushing usage events
